TN:
SF:src\controllers\noteController.js
FN:3,(anonymous_0)
FN:12,(anonymous_1)
FNF:2
FNH:2
FNDA:2,(anonymous_0)
FNDA:4,(anonymous_1)
DA:1,1
DA:3,1
DA:4,2
DA:5,2
DA:6,2
DA:8,0
DA:12,1
DA:13,4
DA:14,4
DA:16,4
DA:17,3
DA:20,1
DA:21,1
DA:23,0
DA:27,1
LF:15
LH:13
BRDA:16,0,0,3
BRDA:16,0,1,1
BRDA:16,1,0,4
BRDA:16,1,1,2
BRF:4
BRH:4
end_of_record
TN:
SF:src\models\noteStore.js
FN:17,(anonymous_0)
FN:27,(anonymous_1)
FNF:2
FNH:2
FNDA:5,(anonymous_0)
FNDA:2,(anonymous_1)
DA:1,1
DA:2,1
DA:4,1
DA:5,1
DA:8,1
DA:9,0
DA:13,1
DA:14,0
DA:17,1
DA:18,5
DA:19,5
DA:20,5
DA:22,1
DA:23,1
DA:27,1
DA:28,2
DA:29,2
DA:30,2
DA:31,2
DA:32,2
DA:33,2
DA:35,0
DA:36,0
DA:40,1
LF:24
LH:20
BRDA:8,0,0,0
BRDA:8,0,1,1
BRDA:13,1,0,0
BRDA:13,1,1,1
BRF:4
BRH:2
end_of_record
TN:
SF:src\routes\health.js
FN:4,(anonymous_0)
FNF:1
FNH:1
FNDA:2,(anonymous_0)
DA:1,1
DA:2,1
DA:4,1
DA:5,2
DA:8,1
LF:5
LH:5
BRF:0
BRH:0
end_of_record
TN:
SF:src\routes\notes.js
FNF:0
FNH:0
DA:1,1
DA:2,1
DA:3,1
DA:5,1
DA:6,1
DA:8,1
LF:6
LH:6
BRF:0
BRH:0
end_of_record
